2023-09-11 12:09:18.592  INFO 16132 --- [main] r.y.p.f.FilmorateApplicationTests        : Starting FilmorateApplicationTests using Java 11.0.18 on Anton with PID 16132 (started by Anton in C:\Users\neon_\Documents\Java Lessons\TZ9\filmorate3\filmorate)
2023-09-11 12:09:18.593  INFO 16132 --- [main] r.y.p.f.FilmorateApplicationTests        : No active profile set, falling back to 1 default profile: "default"
2023-09-11 12:09:20.192  INFO 16132 --- [main] r.y.p.f.FilmorateApplicationTests        : Started FilmorateApplicationTests in 2.034 seconds (JVM running for 3.784)
2023-09-11 12:12:12.796  INFO 19700 --- [main] r.y.p.filmorate.UserControllerTest       : Starting UserControllerTest using Java 11.0.18 on Anton with PID 19700 (started by Anton in C:\Users\neon_\Documents\Java Lessons\TZ9\filmorate3\filmorate)
2023-09-11 12:12:12.798  INFO 19700 --- [main] r.y.p.filmorate.UserControllerTest       : No active profile set, falling back to 1 default profile: "default"
2023-09-11 12:12:13.877  INFO 19700 --- [main] o.s.b.t.m.w.SpringBootMockServletContext : Initializing Spring TestDispatcherServlet ''
2023-09-11 12:12:13.877  INFO 19700 --- [main] o.s.t.web.servlet.TestDispatcherServlet  : Initializing Servlet ''
2023-09-11 12:12:13.878  INFO 19700 --- [main] o.s.t.web.servlet.TestDispatcherServlet  : Completed initialization in 1 ms
2023-09-11 12:12:13.911  INFO 19700 --- [main] r.y.p.filmorate.UserControllerTest       : Started UserControllerTest in 1.54 seconds (JVM running for 2.366)
2023-09-11 12:12:14.517  WARN 19700 --- [main] .w.s.m.s.DefaultHandlerExceptionResolver : Resolved [org.springframework.http.converter.HttpMessageNotReadableException: Required request body is missing: public ru.yandex.practicum.filmorate.model.User ru.yandex.practicum.filmorate.controller.UserController.createUser(ru.yandex.practicum.filmorate.model.User)]
2023-09-11 12:29:27.652  INFO 16472 --- [main] r.y.p.f.controller.FilmControllerTest    : Starting FilmControllerTest using Java 11.0.18 on Anton with PID 16472 (started by Anton in C:\Users\neon_\Documents\Java Lessons\TZ9\filmorate3\filmorate)
2023-09-11 12:29:27.654  INFO 16472 --- [main] r.y.p.f.controller.FilmControllerTest    : No active profile set, falling back to 1 default profile: "default"
2023-09-11 12:29:28.851  INFO 16472 --- [main] o.s.b.w.embedded.tomcat.TomcatWebServer  : Tomcat initialized with port(s): 8080 (http)
2023-09-11 12:29:28.863  INFO 16472 --- [main] o.apache.catalina.core.StandardService   : Starting service [Tomcat]
2023-09-11 12:29:28.863  INFO 16472 --- [main] org.apache.catalina.core.StandardEngine  : Starting Servlet engine: [Apache Tomcat/9.0.78]
2023-09-11 12:29:28.965  INFO 16472 --- [main] o.a.c.c.C.[Tomcat].[localhost].[/]       : Initializing Spring embedded WebApplicationContext
2023-09-11 12:29:28.965  INFO 16472 --- [main] w.s.c.ServletWebServerApplicationContext : Root WebApplicationContext: initialization completed in 1296 ms
2023-09-11 12:29:29.438  INFO 16472 --- [main] o.a.c.c.C.[Tomcat].[localhost].[/]       : Initializing Spring TestDispatcherServlet ''
2023-09-11 12:29:29.438  INFO 16472 --- [main] o.s.t.web.servlet.TestDispatcherServlet  : Initializing Servlet ''
2023-09-11 12:29:29.439  INFO 16472 --- [main] o.s.t.web.servlet.TestDispatcherServlet  : Completed initialization in 1 ms
2023-09-11 12:29:29.488  INFO 16472 --- [main] o.s.b.w.embedded.tomcat.TomcatWebServer  : Tomcat started on port(s): 8080 (http) with context path ''
2023-09-11 12:29:29.496  INFO 16472 --- [main] r.y.p.f.controller.FilmControllerTest    : Started FilmControllerTest in 2.216 seconds (JVM running for 3.176)
2023-09-11 12:29:29.935  INFO 16472 --- [main] r.y.p.f.controller.FilmController        : Film added: Film(id=1, name=nisi eiusmod, description=adipisicing, releaseDate=1967-03-25, duration=100)
2023-09-11 12:30:01.069  INFO 5816 --- [main] r.y.p.filmorate.FilmControllerTest       : Starting FilmControllerTest using Java 11.0.18 on Anton with PID 5816 (started by Anton in C:\Users\neon_\Documents\Java Lessons\TZ9\filmorate3\filmorate)
2023-09-11 12:30:01.070  INFO 5816 --- [main] r.y.p.filmorate.FilmControllerTest       : No active profile set, falling back to 1 default profile: "default"
2023-09-11 12:30:02.256  INFO 5816 --- [main] o.s.b.w.embedded.tomcat.TomcatWebServer  : Tomcat initialized with port(s): 8080 (http)
2023-09-11 12:30:02.265  INFO 5816 --- [main] o.apache.catalina.core.StandardService   : Starting service [Tomcat]
2023-09-11 12:30:02.265  INFO 5816 --- [main] org.apache.catalina.core.StandardEngine  : Starting Servlet engine: [Apache Tomcat/9.0.78]
2023-09-11 12:30:02.413  INFO 5816 --- [main] o.a.c.c.C.[Tomcat].[localhost].[/]       : Initializing Spring embedded WebApplicationContext
2023-09-11 12:30:02.414  INFO 5816 --- [main] w.s.c.ServletWebServerApplicationContext : Root WebApplicationContext: initialization completed in 1330 ms
2023-09-11 12:30:03.003  INFO 5816 --- [main] o.a.c.c.C.[Tomcat].[localhost].[/]       : Initializing Spring TestDispatcherServlet ''
2023-09-11 12:30:03.003  INFO 5816 --- [main] o.s.t.web.servlet.TestDispatcherServlet  : Initializing Servlet ''
2023-09-11 12:30:03.004  INFO 5816 --- [main] o.s.t.web.servlet.TestDispatcherServlet  : Completed initialization in 1 ms
2023-09-11 12:30:03.047  INFO 5816 --- [main] o.s.b.w.embedded.tomcat.TomcatWebServer  : Tomcat started on port(s): 8080 (http) with context path ''
2023-09-11 12:30:03.055  INFO 5816 --- [main] r.y.p.filmorate.FilmControllerTest       : Started FilmControllerTest in 2.3 seconds (JVM running for 3.323)
2023-09-11 12:30:03.440  INFO 5816 --- [main] r.y.p.f.controller.FilmController        : Film added: Film(id=1, name=nisi eiusmod, description=adipisicing, releaseDate=1967-03-25, duration=100)
2023-09-11 12:30:03.480  INFO 5816 --- [main] .b.t.c.SpringBootTestContextBootstrapper : Neither @ContextConfiguration nor @ContextHierarchy found for test class [ru.yandex.practicum.filmorate.FilmorateApplicationTests], using SpringBootContextLoader
2023-09-11 12:30:03.481  INFO 5816 --- [main] o.s.t.c.support.AbstractContextLoader    : Could not detect default resource locations for test class [ru.yandex.practicum.filmorate.FilmorateApplicationTests]: no resource found for suffixes {-context.xml, Context.groovy}.
2023-09-11 12:30:03.481  INFO 5816 --- [main] t.c.s.AnnotationConfigContextLoaderUtils : Could not detect default configuration classes for test class [ru.yandex.practicum.filmorate.FilmorateApplicationTests]: FilmorateApplicationTests does not declare any static, non-private, non-final, nested classes annotated with @Configuration.
2023-09-11 12:30:03.483  INFO 5816 --- [main] .b.t.c.SpringBootTestContextBootstrapper : Found @SpringBootConfiguration ru.yandex.practicum.filmorate.FilmorateApplication for test class ru.yandex.practicum.filmorate.FilmorateApplicationTests
2023-09-11 12:30:03.484  INFO 5816 --- [main] .b.t.c.SpringBootTestContextBootstrapper : Loaded default TestExecutionListener class names from location [META-INF/spring.factories]: [org.springframework.boot.test.mock.mockito.MockitoTestExecutionListener, org.springframework.boot.test.mock.mockito.ResetMocksTestExecutionListener, org.springframework.boot.test.autoconfigure.restdocs.RestDocsTestExecutionListener, org.springframework.boot.test.autoconfigure.web.client.MockRestServiceServerResetTestExecutionListener, org.springframework.boot.test.autoconfigure.web.servlet.MockMvcPrintOnlyOnFailureTestExecutionListener, org.springframework.boot.test.autoconfigure.web.servlet.WebDriverTestExecutionListener, org.springframework.boot.test.autoconfigure.webservices.client.MockWebServiceServerTestExecutionListener, org.springframework.test.context.web.ServletTestExecutionListener, org.springframework.test.context.support.DirtiesContextBeforeModesTestExecutionListener, org.springframework.test.context.event.ApplicationEventsTestExecutionListener, org.springframework.test.context.support.DependencyInjectionTestExecutionListener, org.springframework.test.context.support.DirtiesContextTestExecutionListener, org.springframework.test.context.transaction.TransactionalTestExecutionListener, org.springframework.test.context.jdbc.SqlScriptsTestExecutionListener, org.springframework.test.context.event.EventPublishingTestExecutionListener]
2023-09-11 12:30:03.485  INFO 5816 --- [main] .b.t.c.SpringBootTestContextBootstrapper : Using TestExecutionListeners: [org.springframework.test.context.web.ServletTestExecutionListener@12214f2f, org.springframework.test.context.support.DirtiesContextBeforeModesTestExecutionListener@756c67cd, org.springframework.test.context.event.ApplicationEventsTestExecutionListener@50de907a, org.springframework.boot.test.mock.mockito.MockitoTestExecutionListener@1fd37440, org.springframework.boot.test.autoconfigure.SpringBootDependencyInjectionTestExecutionListener@79308a2, org.springframework.test.context.support.DirtiesContextTestExecutionListener@11574592, org.springframework.test.context.event.EventPublishingTestExecutionListener@352e5a82, org.springframework.boot.test.mock.mockito.ResetMocksTestExecutionListener@315b5913, org.springframework.boot.test.autoconfigure.restdocs.RestDocsTestExecutionListener@2e929182, org.springframework.boot.test.autoconfigure.web.client.MockRestServiceServerResetTestExecutionListener@5423a17, org.springframework.boot.test.autoconfigure.web.servlet.MockMvcPrintOnlyOnFailureTestExecutionListener@42ff9a77, org.springframework.boot.test.autoconfigure.web.servlet.WebDriverTestExecutionListener@2987d0fa, org.springframework.boot.test.autoconfigure.webservices.client.MockWebServiceServerTestExecutionListener@13234ac9]
2023-09-11 12:30:03.514  INFO 5816 --- [main] r.y.p.f.FilmorateApplicationTests        : Starting FilmorateApplicationTests using Java 11.0.18 on Anton with PID 5816 (started by Anton in C:\Users\neon_\Documents\Java Lessons\TZ9\filmorate3\filmorate)
2023-09-11 12:30:03.515  INFO 5816 --- [main] r.y.p.f.FilmorateApplicationTests        : No active profile set, falling back to 1 default profile: "default"
2023-09-11 12:30:03.958  INFO 5816 --- [main] r.y.p.f.FilmorateApplicationTests        : Started FilmorateApplicationTests in 0.467 seconds (JVM running for 4.225)
2023-09-11 12:35:48.485  INFO 10008 --- [main] r.y.p.filmorate.FilmControllerTest       : Starting FilmControllerTest using Java 11.0.18 on Anton with PID 10008 (started by Anton in C:\Users\neon_\Documents\Java Lessons\TZ9\filmorate3\filmorate)
2023-09-11 12:35:48.486  INFO 10008 --- [main] r.y.p.filmorate.FilmControllerTest       : No active profile set, falling back to 1 default profile: "default"
2023-09-11 12:35:50.108  INFO 10008 --- [main] o.s.b.w.embedded.tomcat.TomcatWebServer  : Tomcat initialized with port(s): 8080 (http)
2023-09-11 12:35:50.126  INFO 10008 --- [main] o.apache.catalina.core.StandardService   : Starting service [Tomcat]
2023-09-11 12:35:50.126  INFO 10008 --- [main] org.apache.catalina.core.StandardEngine  : Starting Servlet engine: [Apache Tomcat/9.0.78]
2023-09-11 12:35:50.293  INFO 10008 --- [main] o.a.c.c.C.[Tomcat].[localhost].[/]       : Initializing Spring embedded WebApplicationContext
2023-09-11 12:35:50.293  INFO 10008 --- [main] w.s.c.ServletWebServerApplicationContext : Root WebApplicationContext: initialization completed in 1770 ms
2023-09-11 12:35:50.914  INFO 10008 --- [main] o.a.c.c.C.[Tomcat].[localhost].[/]       : Initializing Spring TestDispatcherServlet ''
2023-09-11 12:35:50.914  INFO 10008 --- [main] o.s.t.web.servlet.TestDispatcherServlet  : Initializing Servlet ''
2023-09-11 12:35:50.915  INFO 10008 --- [main] o.s.t.web.servlet.TestDispatcherServlet  : Completed initialization in 1 ms
2023-09-11 12:35:51.001  INFO 10008 --- [main] o.s.b.w.embedded.tomcat.TomcatWebServer  : Tomcat started on port(s): 8080 (http) with context path ''
2023-09-11 12:35:51.012  INFO 10008 --- [main] r.y.p.filmorate.FilmControllerTest       : Started FilmControllerTest in 3.069 seconds (JVM running for 4.618)
2023-09-11 12:35:51.602  INFO 10008 --- [main] r.y.p.f.controller.FilmController        : Film added: Film(id=1, name=nisi eiusmod, description=adipisicing, releaseDate=1967-03-25, duration=100)
2023-09-11 12:35:51.664  INFO 10008 --- [main] .b.t.c.SpringBootTestContextBootstrapper : Neither @ContextConfiguration nor @ContextHierarchy found for test class [ru.yandex.practicum.filmorate.FilmorateApplicationTests], using SpringBootContextLoader
2023-09-11 12:35:51.665  INFO 10008 --- [main] o.s.t.c.support.AbstractContextLoader    : Could not detect default resource locations for test class [ru.yandex.practicum.filmorate.FilmorateApplicationTests]: no resource found for suffixes {-context.xml, Context.groovy}.
2023-09-11 12:35:51.665  INFO 10008 --- [main] t.c.s.AnnotationConfigContextLoaderUtils : Could not detect default configuration classes for test class [ru.yandex.practicum.filmorate.FilmorateApplicationTests]: FilmorateApplicationTests does not declare any static, non-private, non-final, nested classes annotated with @Configuration.
2023-09-11 12:35:51.667  INFO 10008 --- [main] .b.t.c.SpringBootTestContextBootstrapper : Found @SpringBootConfiguration ru.yandex.practicum.filmorate.FilmorateApplication for test class ru.yandex.practicum.filmorate.FilmorateApplicationTests
2023-09-11 12:35:51.670  INFO 10008 --- [main] .b.t.c.SpringBootTestContextBootstrapper : Loaded default TestExecutionListener class names from location [META-INF/spring.factories]: [org.springframework.boot.test.mock.mockito.MockitoTestExecutionListener, org.springframework.boot.test.mock.mockito.ResetMocksTestExecutionListener, org.springframework.boot.test.autoconfigure.restdocs.RestDocsTestExecutionListener, org.springframework.boot.test.autoconfigure.web.client.MockRestServiceServerResetTestExecutionListener, org.springframework.boot.test.autoconfigure.web.servlet.MockMvcPrintOnlyOnFailureTestExecutionListener, org.springframework.boot.test.autoconfigure.web.servlet.WebDriverTestExecutionListener, org.springframework.boot.test.autoconfigure.webservices.client.MockWebServiceServerTestExecutionListener, org.springframework.test.context.web.ServletTestExecutionListener, org.springframework.test.context.support.DirtiesContextBeforeModesTestExecutionListener, org.springframework.test.context.event.ApplicationEventsTestExecutionListener, org.springframework.test.context.support.DependencyInjectionTestExecutionListener, org.springframework.test.context.support.DirtiesContextTestExecutionListener, org.springframework.test.context.transaction.TransactionalTestExecutionListener, org.springframework.test.context.jdbc.SqlScriptsTestExecutionListener, org.springframework.test.context.event.EventPublishingTestExecutionListener]
2023-09-11 12:35:51.671  INFO 10008 --- [main] .b.t.c.SpringBootTestContextBootstrapper : Using TestExecutionListeners: [org.springframework.test.context.web.ServletTestExecutionListener@21280cbb, org.springframework.test.context.support.DirtiesContextBeforeModesTestExecutionListener@1cc708a7, org.springframework.test.context.event.ApplicationEventsTestExecutionListener@995ad50, org.springframework.boot.test.mock.mockito.MockitoTestExecutionListener@6249a08d, org.springframework.boot.test.autoconfigure.SpringBootDependencyInjectionTestExecutionListener@36525ab, org.springframework.test.context.support.DirtiesContextTestExecutionListener@27438750, org.springframework.test.context.event.EventPublishingTestExecutionListener@39851c5, org.springframework.boot.test.mock.mockito.ResetMocksTestExecutionListener@2c7ad4f3, org.springframework.boot.test.autoconfigure.restdocs.RestDocsTestExecutionListener@698f4aa, org.springframework.boot.test.autoconfigure.web.client.MockRestServiceServerResetTestExecutionListener@3dda8a2e, org.springframework.boot.test.autoconfigure.web.servlet.MockMvcPrintOnlyOnFailureTestExecutionListener@7c0de229, org.springframework.boot.test.autoconfigure.web.servlet.WebDriverTestExecutionListener@6aa6c17, org.springframework.boot.test.autoconfigure.webservices.client.MockWebServiceServerTestExecutionListener@4756e5cc]
2023-09-11 12:35:51.710  INFO 10008 --- [main] r.y.p.f.FilmorateApplicationTests        : Starting FilmorateApplicationTests using Java 11.0.18 on Anton with PID 10008 (started by Anton in C:\Users\neon_\Documents\Java Lessons\TZ9\filmorate3\filmorate)
2023-09-11 12:35:51.711  INFO 10008 --- [main] r.y.p.f.FilmorateApplicationTests        : No active profile set, falling back to 1 default profile: "default"
2023-09-11 12:35:52.194  INFO 10008 --- [main] r.y.p.f.FilmorateApplicationTests        : Started FilmorateApplicationTests in 0.51 seconds (JVM running for 5.802)
2023-09-11 12:46:41.808  INFO 17620 --- [main] r.y.p.filmorate.FilmControllerTest       : Starting FilmControllerTest using Java 11.0.18 on Anton with PID 17620 (started by Anton in C:\Users\neon_\Documents\Java Lessons\TZ9\filmorate3\filmorate)
2023-09-11 12:46:41.810  INFO 17620 --- [main] r.y.p.filmorate.FilmControllerTest       : No active profile set, falling back to 1 default profile: "default"
2023-09-11 12:46:43.091  INFO 17620 --- [main] o.s.b.w.embedded.tomcat.TomcatWebServer  : Tomcat initialized with port(s): 8080 (http)
2023-09-11 12:46:43.109  INFO 17620 --- [main] o.apache.catalina.core.StandardService   : Starting service [Tomcat]
2023-09-11 12:46:43.109  INFO 17620 --- [main] org.apache.catalina.core.StandardEngine  : Starting Servlet engine: [Apache Tomcat/9.0.78]
2023-09-11 12:46:43.258  INFO 17620 --- [main] o.a.c.c.C.[Tomcat].[localhost].[/]       : Initializing Spring embedded WebApplicationContext
2023-09-11 12:46:43.259  INFO 17620 --- [main] w.s.c.ServletWebServerApplicationContext : Root WebApplicationContext: initialization completed in 1432 ms
2023-09-11 12:46:43.810  INFO 17620 --- [main] o.a.c.c.C.[Tomcat].[localhost].[/]       : Initializing Spring TestDispatcherServlet ''
2023-09-11 12:46:43.811  INFO 17620 --- [main] o.s.t.web.servlet.TestDispatcherServlet  : Initializing Servlet ''
2023-09-11 12:46:43.812  INFO 17620 --- [main] o.s.t.web.servlet.TestDispatcherServlet  : Completed initialization in 1 ms
2023-09-11 12:46:43.861  INFO 17620 --- [main] o.s.b.w.embedded.tomcat.TomcatWebServer  : Tomcat started on port(s): 8080 (http) with context path ''
2023-09-11 12:46:43.871  INFO 17620 --- [main] r.y.p.filmorate.FilmControllerTest       : Started FilmControllerTest in 2.432 seconds (JVM running for 3.529)
2023-09-11 12:46:44.358  INFO 17620 --- [main] r.y.p.f.controller.FilmController        : Film added: Film(id=1, name=nisi eiusmod, description=adipisicing, releaseDate=1967-03-25, duration=100)
2023-09-11 14:19:46.397  INFO 21264 --- [main] r.y.p.filmorate.FilmControllerTest       : Starting FilmControllerTest using Java 11.0.18 on Anton with PID 21264 (started by Anton in C:\Users\neon_\Documents\Java Lessons\TZ9\filmorate3\filmorate)
2023-09-11 14:19:46.399  INFO 21264 --- [main] r.y.p.filmorate.FilmControllerTest       : No active profile set, falling back to 1 default profile: "default"
2023-09-11 14:19:48.366  INFO 21264 --- [main] o.s.b.w.embedded.tomcat.TomcatWebServer  : Tomcat initialized with port(s): 8080 (http)
2023-09-11 14:19:48.377  INFO 21264 --- [main] o.apache.catalina.core.StandardService   : Starting service [Tomcat]
2023-09-11 14:19:48.377  INFO 21264 --- [main] org.apache.catalina.core.StandardEngine  : Starting Servlet engine: [Apache Tomcat/9.0.78]
2023-09-11 14:19:48.499  INFO 21264 --- [main] o.a.c.c.C.[Tomcat].[localhost].[/]       : Initializing Spring embedded WebApplicationContext
2023-09-11 14:19:48.499  INFO 21264 --- [main] w.s.c.ServletWebServerApplicationContext : Root WebApplicationContext: initialization completed in 2083 ms
2023-09-11 14:19:48.964  INFO 21264 --- [main] o.a.c.c.C.[Tomcat].[localhost].[/]       : Initializing Spring TestDispatcherServlet ''
2023-09-11 14:19:48.965  INFO 21264 --- [main] o.s.t.web.servlet.TestDispatcherServlet  : Initializing Servlet ''
2023-09-11 14:19:48.965  INFO 21264 --- [main] o.s.t.web.servlet.TestDispatcherServlet  : Completed initialization in 0 ms
2023-09-11 14:19:49.014  INFO 21264 --- [main] o.s.b.w.embedded.tomcat.TomcatWebServer  : Tomcat started on port(s): 8080 (http) with context path ''
2023-09-11 14:19:49.024  INFO 21264 --- [main] r.y.p.filmorate.FilmControllerTest       : Started FilmControllerTest in 2.984 seconds (JVM running for 4.327)
2023-09-11 14:19:49.565  INFO 21264 --- [main] r.y.p.f.controller.FilmController        : Сохраняем новый фильм Film(id=1, name=nisi eiusmod, description=adipisicing, releaseDate=1967-03-25, duration=100)
2023-09-11 14:23:10.754  INFO 18088 --- [main] r.y.p.filmorate.UserControllerTest       : Starting UserControllerTest using Java 11.0.18 on Anton with PID 18088 (started by Anton in C:\Users\neon_\Documents\Java Lessons\TZ9\filmorate3\filmorate)
2023-09-11 14:23:10.756  INFO 18088 --- [main] r.y.p.filmorate.UserControllerTest       : No active profile set, falling back to 1 default profile: "default"
2023-09-11 14:23:12.106  INFO 18088 --- [main] o.s.b.t.m.w.SpringBootMockServletContext : Initializing Spring TestDispatcherServlet ''
2023-09-11 14:23:12.106  INFO 18088 --- [main] o.s.t.web.servlet.TestDispatcherServlet  : Initializing Servlet ''
2023-09-11 14:23:12.107  INFO 18088 --- [main] o.s.t.web.servlet.TestDispatcherServlet  : Completed initialization in 1 ms
2023-09-11 14:23:12.131  INFO 18088 --- [main] r.y.p.filmorate.UserControllerTest       : Started UserControllerTest in 1.735 seconds (JVM running for 2.703)
2023-09-11 14:23:37.029  INFO 20620 --- [main] r.y.p.filmorate.FilmControllerTest       : Starting FilmControllerTest using Java 11.0.18 on Anton with PID 20620 (started by Anton in C:\Users\neon_\Documents\Java Lessons\TZ9\filmorate3\filmorate)
2023-09-11 14:23:37.030  INFO 20620 --- [main] r.y.p.filmorate.FilmControllerTest       : No active profile set, falling back to 1 default profile: "default"
2023-09-11 14:23:38.353  INFO 20620 --- [main] o.s.b.t.m.w.SpringBootMockServletContext : Initializing Spring TestDispatcherServlet ''
2023-09-11 14:23:38.354  INFO 20620 --- [main] o.s.t.web.servlet.TestDispatcherServlet  : Initializing Servlet ''
2023-09-11 14:23:38.354  INFO 20620 --- [main] o.s.t.web.servlet.TestDispatcherServlet  : Completed initialization in 0 ms
2023-09-11 14:23:38.371  INFO 20620 --- [main] r.y.p.filmorate.FilmControllerTest       : Started FilmControllerTest in 1.65 seconds (JVM running for 2.62)
2023-09-11 14:23:38.884  INFO 20620 --- [main] r.y.p.f.controller.FilmController        : Сохраняем новый фильм Film(id=1, name=Test Film, description=Test description, releaseDate=1800-01-01, duration=120)
2023-09-11 14:25:22.103  INFO 13260 --- [main] r.y.p.filmorate.FilmControllerTest       : Starting FilmControllerTest using Java 11.0.18 on Anton with PID 13260 (started by Anton in C:\Users\neon_\Documents\Java Lessons\TZ9\filmorate3\filmorate)
2023-09-11 14:25:22.105  INFO 13260 --- [main] r.y.p.filmorate.FilmControllerTest       : No active profile set, falling back to 1 default profile: "default"
2023-09-11 14:25:23.414  INFO 13260 --- [main] o.s.b.t.m.w.SpringBootMockServletContext : Initializing Spring TestDispatcherServlet ''
2023-09-11 14:25:23.414  INFO 13260 --- [main] o.s.t.web.servlet.TestDispatcherServlet  : Initializing Servlet ''
2023-09-11 14:25:23.415  INFO 13260 --- [main] o.s.t.web.servlet.TestDispatcherServlet  : Completed initialization in 1 ms
2023-09-11 14:25:23.446  INFO 13260 --- [main] r.y.p.filmorate.FilmControllerTest       : Started FilmControllerTest in 1.691 seconds (JVM running for 2.634)
